<?xml version="1.0" encoding="UTF-8"?>
<!-- Generated by org.testng.reporters.JUnitReportReporter -->
<testsuite hostname="alrafis-Air.lan1" failures="0" tests="73" name="testhomepage.TestHomePage" time="165.068" errors="1" timestamp="26 Jan 2019 04:24:55 GMT" skipped="66">
  <testcase classname="testhomepage.TestHomePage" name="testaccessibility" time="21.478"/>
  <testcase classname="testhomepage.TestHomePage" name="testcareControl" time="21.627">
    <skipped/>
  </testcase> <!-- testcareControl -->
  <testcase classname="testhomepage.TestHomePage" name="testtermsofUse" time="18.600">
    <skipped/>
  </testcase> <!-- testtermsofUse -->
  <testcase classname="testhomepage.TestHomePage" name="testemployerGroup" time="19.295">
    <skipped/>
  </testcase> <!-- testemployerGroup -->
  <testcase classname="testhomepage.TestHomePage" name="testviewclaimAccount" time="19.854">
    <skipped/>
  </testcase> <!-- testviewclaimAccount -->
  <testcase classname="testhomepage.TestHomePage" name="testbuttonSearch" time="36.675"/>
  <testcase classname="testhomepage.TestHomePage" name="testemployerMenu" time="0.000">
    <skipped/>
  </testcase> <!-- testemployerMenu -->
  <testcase classname="testhomepage.TestHomePage" name="testmedicaidProduct" time="0.000">
    <skipped/>
  </testcase> <!-- testmedicaidProduct -->
  <testcase classname="testhomepage.TestHomePage" name="testmenubutton" time="0.000">
    <skipped/>
  </testcase> <!-- testmenubutton -->
  <testcase classname="testhomepage.TestHomePage" name="testmarketplaceInsurance" time="0.000">
    <skipped/>
  </testcase> <!-- testmarketplaceInsurance -->
  <testcase classname="testhomepage.TestHomePage" name="testopenEnrollment" time="0.000">
    <skipped/>
  </testcase> <!-- testopenEnrollment -->
  <testcase classname="testhomepage.TestHomePage" name="testmedicareLink" time="0.000">
    <skipped/>
  </testcase> <!-- testmedicareLink -->
  <testcase classname="testhomepage.TestHomePage" name="testcheckBenefits" time="0.000">
    <skipped/>
  </testcase> <!-- testcheckBenefits -->
  <testcase classname="testhomepage.TestHomePage" name="testvisionProduct" time="0.000">
    <skipped/>
  </testcase> <!-- testvisionProduct -->
  <testcase classname="testhomepage.TestHomePage" name="testbrokerLink" time="0.406"/>
  <testcase classname="testhomepage.TestHomePage" name="testtravelInsurance" time="0.000">
    <skipped/>
  </testcase> <!-- testtravelInsurance -->
  <testcase classname="testhomepage.TestHomePage" name="testcontactUs" time="0.000">
    <skipped/>
  </testcase> <!-- testcontactUs -->
  <testcase classname="testhomepage.TestHomePage" name="testdownloadApp" time="0.000">
    <skipped/>
  </testcase> <!-- testdownloadApp -->
  <testcase classname="testhomepage.TestHomePage" name="setUp" time="23.731">
    <error message="Could not start Browser / Emulator
 Reason: 
Could not initialize class org.openqa.selenium.os.Kernel32 (WARNING: The server did not provide any stacktrace information)
Command duration or timeout: 23.71 seconds
Build info: version: &#039;3.141.59&#039;, revision: &#039;e82be7d358&#039;, time: &#039;2018-11-14T08:17:03&#039;
System info: host: &#039;alrafis-Air.lan1&#039;, ip: &#039;2604:2000:1241:489d:0:0:0:29c%en0&#039;, os.name: &#039;Mac OS X&#039;, os.arch: &#039;x86_64&#039;, os.version: &#039;10.14.2&#039;, java.version: &#039;11.0.1&#039;
Driver info: driver.version: RemoteWebDriver" type="org.openqa.selenium.WebDriverException">
      <![CDATA[org.openqa.selenium.WebDriverException: Could not start Browser / Emulator
 Reason: 
Could not initialize class org.openqa.selenium.os.Kernel32 (WARNING: The server did not provide any stacktrace information)
Command duration or timeout: 23.71 seconds
Build info: version: '3.141.59', revision: 'e82be7d358', time: '2018-11-14T08:17:03'
System info: host: 'alrafis-Air.lan1', ip: '2604:2000:1241:489d:0:0:0:29c%en0', os.name: 'Mac OS X', os.arch: 'x86_64', os.version: '10.14.2', java.version: '11.0.1'
Driver info: driver.version: RemoteWebDriver
at java.base/jdk.internal.reflect.NativeConstructorAccessorImpl.newInstance0(Native Method)
at java.base/jdk.internal.reflect.NativeConstructorAccessorImpl.newInstance(NativeConstructorAccessorImpl.java:62)
at java.base/jdk.internal.reflect.DelegatingConstructorAccessorImpl.newInstance(DelegatingConstructorAccessorImpl.java:45)
at java.base/java.lang.reflect.Constructor.newInstance(Constructor.java:490)
at org.openqa.selenium.remote.ErrorHandler.createThrowable(ErrorHandler.java:214)
at org.openqa.selenium.remote.ErrorHandler.throwIfResponseFailed(ErrorHandler.java:166)
at org.openqa.selenium.remote.JsonWireProtocolResponse.lambda$errorHandler$0(JsonWireProtocolResponse.java:54)
at org.openqa.selenium.remote.HandshakeResponse.lambda$getResponseFunction$0(HandshakeResponse.java:30)
at org.openqa.selenium.remote.ProtocolHandshake.lambda$createSession$0(ProtocolHandshake.java:126)
at java.base/java.util.stream.ReferencePipeline$3$1.accept(ReferencePipeline.java:195)
at java.base/java.util.Spliterators$ArraySpliterator.tryAdvance(Spliterators.java:958)
at java.base/java.util.stream.ReferencePipeline.forEachWithCancel(ReferencePipeline.java:127)
at java.base/java.util.stream.AbstractPipeline.copyIntoWithCancel(AbstractPipeline.java:502)
at java.base/java.util.stream.AbstractPipeline.copyInto(AbstractPipeline.java:488)
at java.base/java.util.stream.AbstractPipeline.wrapAndCopyInto(AbstractPipeline.java:474)
at java.base/java.util.stream.FindOps$FindOp.evaluateSequential(FindOps.java:150)
at java.base/java.util.stream.AbstractPipeline.evaluate(AbstractPipeline.java:234)
at java.base/java.util.stream.ReferencePipeline.findFirst(ReferencePipeline.java:543)
at org.openqa.selenium.remote.ProtocolHandshake.createSession(ProtocolHandshake.java:128)
at org.openqa.selenium.remote.ProtocolHandshake.createSession(ProtocolHandshake.java:74)
at org.openqa.selenium.remote.HttpCommandExecutor.execute(HttpCommandExecutor.java:136)
at org.openqa.selenium.remote.RemoteWebDriver.execute(RemoteWebDriver.java:552)
at org.openqa.selenium.remote.RemoteWebDriver.startSession(RemoteWebDriver.java:213)
at org.openqa.selenium.remote.RemoteWebDriver.<init>(RemoteWebDriver.java:131)
at org.openqa.selenium.remote.RemoteWebDriver.<init>(RemoteWebDriver.java:144)
at base.BaseUtil.getCloudDriver(BaseUtil.java:119)
at base.BaseUtil.setUp(BaseUtil.java:133)
at java.base/jdk.internal.reflect.NativeMethodAccessorImpl.invoke0(Native Method)
at java.base/jdk.internal.reflect.NativeMethodAccessorImpl.invoke(NativeMethodAccessorImpl.java:62)
at java.base/jdk.internal.reflect.DelegatingMethodAccessorImpl.invoke(DelegatingMethodAccessorImpl.java:43)
at java.base/java.lang.reflect.Method.invoke(Method.java:566)
at org.testng.internal.MethodInvocationHelper.invokeMethod(MethodInvocationHelper.java:124)
at org.testng.internal.MethodInvocationHelper.invokeMethodConsideringTimeout(MethodInvocationHelper.java:59)
at org.testng.internal.Invoker.invokeConfigurationMethod(Invoker.java:458)
at org.testng.internal.Invoker.invokeConfigurations(Invoker.java:222)
at org.testng.internal.Invoker.invokeMethod(Invoker.java:523)
at org.testng.internal.Invoker.invokeTestMethod(Invoker.java:719)
at org.testng.internal.Invoker.invokeTestMethods(Invoker.java:989)
at org.testng.internal.TestMethodWorker.invokeTestMethods(TestMethodWorker.java:125)
at org.testng.internal.TestMethodWorker.run(TestMethodWorker.java:109)
at org.testng.TestRunner.privateRun(TestRunner.java:648)
at org.testng.TestRunner.run(TestRunner.java:505)
at org.testng.SuiteRunner.runTest(SuiteRunner.java:455)
at org.testng.SuiteRunner.runSequentially(SuiteRunner.java:450)
at org.testng.SuiteRunner.privateRun(SuiteRunner.java:415)
at org.testng.SuiteRunner.run(SuiteRunner.java:364)
at org.testng.SuiteRunnerWorker.runSuite(SuiteRunnerWorker.java:52)
at org.testng.SuiteRunnerWorker.run(SuiteRunnerWorker.java:84)
at org.testng.TestNG.runSuitesSequentially(TestNG.java:1208)
at org.testng.TestNG.runSuitesLocally(TestNG.java:1137)
at org.testng.TestNG.runSuites(TestNG.java:1049)
at org.testng.TestNG.run(TestNG.java:1017)
at org.apache.maven.surefire.testng.TestNGExecutor.run(TestNGExecutor.java:283)
at org.apache.maven.surefire.testng.TestNGXmlTestSuite.execute(TestNGXmlTestSuite.java:75)
at org.apache.maven.surefire.testng.TestNGProvider.invoke(TestNGProvider.java:120)
at org.apache.maven.surefire.booter.ForkedBooter.invokeProviderInSameClassLoader(ForkedBooter.java:384)
at org.apache.maven.surefire.booter.ForkedBooter.runSuitesInProcess(ForkedBooter.java:345)
at org.apache.maven.surefire.booter.ForkedBooter.execute(ForkedBooter.java:126)
at org.apache.maven.surefire.booter.ForkedBooter.main(ForkedBooter.java:418)
]]>
    </error>
  </testcase> <!-- setUp -->
  <testcase classname="testhomepage.TestHomePage" name="testplainGlossary" time="0.000">
    <skipped/>
  </testcase> <!-- testplainGlossary -->
  <testcase classname="testhomepage.TestHomePage" name="testlearnmoreMedicare" time="0.000">
    <skipped/>
  </testcase> <!-- testlearnmoreMedicare -->
  <testcase classname="testhomepage.TestHomePage" name="testvisionInsurance" time="0.000">
    <skipped/>
  </testcase> <!-- testvisionInsurance -->
  <testcase classname="testhomepage.TestHomePage" name="testbrokerresources" time="0.578"/>
  <testcase classname="testhomepage.TestHomePage" name="testprogramTools" time="0.000">
    <skipped/>
  </testcase> <!-- testprogramTools -->
  <testcase classname="testhomepage.TestHomePage" name="testviewDental" time="0.000">
    <skipped/>
  </testcase> <!-- testviewDental -->
  <testcase classname="testhomepage.TestHomePage" name="testillnessInsurance" time="0.000">
    <skipped/>
  </testcase> <!-- testillnessInsurance -->
  <testcase classname="testhomepage.TestHomePage" name="testhealthcareFraud" time="0.000">
    <skipped/>
  </testcase> <!-- testhealthcareFraud -->
  <testcase classname="testhomepage.TestHomePage" name="testfindanyDoctor" time="0.000">
    <skipped/>
  </testcase> <!-- testfindanyDoctor -->
  <testcase classname="testhomepage.TestHomePage" name="testfitnessLiving" time="0.000">
    <skipped/>
  </testcase> <!-- testfitnessLiving -->
  <testcase classname="testhomepage.TestHomePage" name="testtrytosignIn" time="0.000">
    <skipped/>
  </testcase> <!-- testtrytosignIn -->
  <testcase classname="testhomepage.TestHomePage" name="testunitedReform" time="0.000">
    <skipped/>
  </testcase> <!-- testunitedReform -->
  <testcase classname="testhomepage.TestHomePage" name="testloginButton" time="0.000">
    <skipped/>
  </testcase> <!-- testloginButton -->
  <testcase classname="testhomepage.TestHomePage" name="testtermLifeInsurance" time="0.000">
    <skipped/>
  </testcase> <!-- testtermLifeInsurance -->
  <testcase classname="testhomepage.TestHomePage" name="testlanguageNotice" time="0.000">
    <skipped/>
  </testcase> <!-- testlanguageNotice -->
  <testcase classname="testhomepage.TestHomePage" name="testnewsRoom" time="0.000">
    <skipped/>
  </testcase> <!-- testnewsRoom -->
  <testcase classname="testhomepage.TestHomePage" name="testseatchText" time="0.000">
    <skipped/>
  </testcase> <!-- testseatchText -->
  <testcase classname="testhomepage.TestHomePage" name="testsigninUHC" time="0.000">
    <skipped/>
  </testcase> <!-- testsigninUHC -->
  <testcase classname="testhomepage.TestHomePage" name="testlearnMedicaidPlans" time="0.000">
    <skipped/>
  </testcase> <!-- testlearnMedicaidPlans -->
  <testcase classname="testhomepage.TestHomePage" name="testhospitalInsurance" time="0.000">
    <skipped/>
  </testcase> <!-- testhospitalInsurance -->
  <testcase classname="testhomepage.TestHomePage" name="testlanguage" time="0.000">
    <skipped/>
  </testcase> <!-- testlanguage -->
  <testcase classname="testhomepage.TestHomePage" name="testprintidCard" time="0.000">
    <skipped/>
  </testcase> <!-- testprintidCard -->
  <testcase classname="testhomepage.TestHomePage" name="testviewindividualAndFamily" time="0.000">
    <skipped/>
  </testcase> <!-- testviewindividualAndFamily -->
  <testcase classname="testhomepage.TestHomePage" name="testcareer" time="0.000">
    <skipped/>
  </testcase> <!-- testcareer -->
  <testcase classname="testhomepage.TestHomePage" name="testfindaDoctor" time="0.000">
    <skipped/>
  </testcase> <!-- testfindaDoctor -->
  <testcase classname="testhomepage.TestHomePage" name="testlearnDental" time="0.000">
    <skipped/>
  </testcase> <!-- testlearnDental -->
  <testcase classname="testhomepage.TestHomePage" name="testvaluebasedCare" time="0.000">
    <skipped/>
  </testcase> <!-- testvaluebasedCare -->
  <testcase classname="testhomepage.TestHomePage" name="testseeLogo" time="0.000">
    <skipped/>
  </testcase> <!-- testseeLogo -->
  <testcase classname="testhomepage.TestHomePage" name="testproviderPortal" time="0.000">
    <skipped/>
  </testcase> <!-- testproviderPortal -->
  <testcase classname="testhomepage.TestHomePage" name="testviewdrugList" time="0.000">
    <skipped/>
  </testcase> <!-- testviewdrugList -->
  <testcase classname="testhomepage.TestHomePage" name="testaboutUs" time="1.227"/>
  <testcase classname="testhomepage.TestHomePage" name="testnearbyClinic" time="0.000">
    <skipped/>
  </testcase> <!-- testnearbyClinic -->
  <testcase classname="testhomepage.TestHomePage" name="testlearnmoreBusiness" time="0.000">
    <skipped/>
  </testcase> <!-- testlearnmoreBusiness -->
  <testcase classname="testhomepage.TestHomePage" name="testhomeButton" time="0.000">
    <skipped/>
  </testcase> <!-- testhomeButton -->
  <testcase classname="testhomepage.TestHomePage" name="testaccidentInsurance" time="1.597"/>
  <testcase classname="testhomepage.TestHomePage" name="testlegalIssue" time="0.000">
    <skipped/>
  </testcase> <!-- testlegalIssue -->
  <testcase classname="testhomepage.TestHomePage" name="testmemberResource" time="0.000">
    <skipped/>
  </testcase> <!-- testmemberResource -->
  <testcase classname="testhomepage.TestHomePage" name="testlearnHealthINsurance" time="0.000">
    <skipped/>
  </testcase> <!-- testlearnHealthINsurance -->
  <testcase classname="testhomepage.TestHomePage" name="testprivacy" time="0.000">
    <skipped/>
  </testcase> <!-- testprivacy -->
  <testcase classname="testhomepage.TestHomePage" name="testkeySearch" time="0.000">
    <skipped/>
  </testcase> <!-- testkeySearch -->
  <testcase classname="testhomepage.TestHomePage" name="testsupplementInsurance" time="0.000">
    <skipped/>
  </testcase> <!-- testsupplementInsurance -->
  <testcase classname="testhomepage.TestHomePage" name="testlearnMore" time="0.000">
    <skipped/>
  </testcase> <!-- testlearnMore -->
  <testcase classname="testhomepage.TestHomePage" name="testindividualPlans" time="0.000">
    <skipped/>
  </testcase> <!-- testindividualPlans -->
  <testcase classname="testhomepage.TestHomePage" name="testshorttermHealth" time="0.000">
    <skipped/>
  </testcase> <!-- testshorttermHealth -->
  <testcase classname="testhomepage.TestHomePage" name="testemployerPlans" time="0.000">
    <skipped/>
  </testcase> <!-- testemployerPlans -->
  <testcase classname="testhomepage.TestHomePage" name="testsearchName" time="0.000">
    <skipped/>
  </testcase> <!-- testsearchName -->
  <testcase classname="testhomepage.TestHomePage" name="testhealthTopics" time="0.000">
    <skipped/>
  </testcase> <!-- testhealthTopics -->
  <testcase classname="testhomepage.TestHomePage" name="testviewHealthINsurance" time="0.000">
    <skipped/>
  </testcase> <!-- testviewHealthINsurance -->
  <testcase classname="testhomepage.TestHomePage" name="testdentalInsurance" time="0.000">
    <skipped/>
  </testcase> <!-- testdentalInsurance -->
  <testcase classname="testhomepage.TestHomePage" name="testnutritionLiving" time="0.000">
    <skipped/>
  </testcase> <!-- testnutritionLiving -->
  <testcase classname="testhomepage.TestHomePage" name="testimageHealth" time="0.000">
    <skipped/>
  </testcase> <!-- testimageHealth -->
  <testcase classname="testhomepage.TestHomePage" name="testhospitalAndDoctorInsurance" time="0.000">
    <skipped/>
  </testcase> <!-- testhospitalAndDoctorInsurance -->
  <testcase classname="testhomepage.TestHomePage" name="testmedicareMenu" time="0.000">
    <skipped/>
  </testcase> <!-- testmedicareMenu -->
  <testcase classname="testhomepage.TestHomePage" name="testglobalInsurance" time="0.000">
    <skipped/>
  </testcase> <!-- testglobalInsurance -->
</testsuite> <!-- testhomepage.TestHomePage -->
